<?xml version="1.0" encoding="UTF-8"?>
<testsuite name="net.pacificsoft.microservices.loka.core.LokaCoreTest" time="6.754" tests="7" errors="5" skipped="0" failures="0">
  <properties>
[...]
</properties>
  <testcase name="testLogin" classname="net.pacificsoft.microservices.loka.core.LokaCoreTest" time="1.945"/>
  <testcase name="testUnsubscribeTerminal" classname="net.pacificsoft.microservices.loka.core.LokaCoreTest" time="1.121">
    <error message="net.pacificsoft.microservices.loka.core.modelProto.LokaCoreProto$ControlMessage.getStatus()J" type="java.lang.NoSuchMethodError">java.lang.NoSuchMethodError: net.pacificsoft.microservices.loka.core.modelProto.LokaCoreProto$ControlMessage.getStatus()J
	at net.pacificsoft.microservices.loka.core.LokaCoreTest.testUnsubscribeTerminal(LokaCoreTest.java:85)
</error>
    <system-out><![CDATA[2018-04-03 12:41:21.742  INFO [core-loka-service,8fe89ef7b6e703fb,8fe89ef7b6e703fb,true] 1912 --- [-auto-1-exec-10] n.p.microservices.loka.core.api.Api      : Unsubscribe loka device id: 5042045
2018-04-03 12:41:22.182  INFO [core-loka-service,,,] 1912 --- [ender@300a38e7}] s.c.a.AnnotationConfigApplicationContext : Refreshing org.springframework.context.annotation.AnnotationConfigApplicationContext@573048ad: startup date [Tue Apr 03 12:41:22 COT 2018]; parent: org.springframework.boot.context.embedded.AnnotationConfigEmbeddedWebApplicationContext@782a4fff
2018-04-03 12:41:22.244  INFO [core-loka-service,,,] 1912 --- [ender@300a38e7}] f.a.AutowiredAnnotationBeanPostProcessor : JSR-330 'javax.inject.Inject' annotation found and supported for autowiring
2018-04-03 12:41:22.409  INFO [core-loka-service,,,] 1912 --- [ender@300a38e7}] c.netflix.config.ChainedDynamicProperty  : Flipping property: localhost.ribbon.ActiveConnectionsLimit to use NEXT property: niws.loadbalancer.availabilityFilteringRule.activeConnectionsLimit = 2147483647
2018-04-03 12:41:22.469  INFO [core-loka-service,,,] 1912 --- [ender@300a38e7}] c.netflix.loadbalancer.BaseLoadBalancer  : Client: localhost instantiated a LoadBalancer: DynamicServerListLoadBalancer:{NFLoadBalancer:name=localhost,current list of Servers=[],Load balancer stats=Zone stats: {},Server stats: []}ServerList:null
2018-04-03 12:41:22.480  INFO [core-loka-service,,,] 1912 --- [ender@300a38e7}] c.n.l.DynamicServerListLoadBalancer      : Using serverListUpdater PollingServerListUpdater
2018-04-03 12:41:22.486  INFO [core-loka-service,,,] 1912 --- [ender@300a38e7}] c.n.l.DynamicServerListLoadBalancer      : DynamicServerListLoadBalancer for client localhost initialized: DynamicServerListLoadBalancer:{NFLoadBalancer:name=localhost,current list of Servers=[],Load balancer stats=Zone stats: {},Server stats: []}ServerList:com.netflix.loadbalancer.ConfigurationBasedServerList@7a5a395f
2018-04-03 12:41:22.599  INFO [core-loka-service,8fe89ef7b6e703fb,8fe89ef7b6e703fb,true] 1912 --- [-auto-1-exec-10] n.p.microservices.loka.core.api.Api      : Request received: <200 OK,{"message":"UNSUBSCRIBED","status":200},{X-Content-Type-Options=[nosniff], X-XSS-Protection=[1; mode=block], Cache-Control=[no-cache, no-store, max-age=0, must-revalidate], Pragma=[no-cache], Expires=[0], Strict-Transport-Security=[max-age=31536000 ; includeSubDomains], X-Frame-Options=[DENY], Content-Type=[application/json;charset=UTF-8], Transfer-Encoding=[chunked], Date=[Tue, 03 Apr 2018 17:41:20 GMT]}>
]]></system-out>
  </testcase>
  <testcase name="testNotValidSubscription" classname="net.pacificsoft.microservices.loka.core.LokaCoreTest" time="0.92">
    <error message="net.pacificsoft.microservices.loka.core.modelProto.LokaCoreProto$ControlMessage.getStatus()J" type="java.lang.NoSuchMethodError">java.lang.NoSuchMethodError: net.pacificsoft.microservices.loka.core.modelProto.LokaCoreProto$ControlMessage.getStatus()J
	at net.pacificsoft.microservices.loka.core.LokaCoreTest.testNotValidSubscription(LokaCoreTest.java:98)
</error>
    <system-out><![CDATA[2018-04-03 12:41:22.843  INFO [core-loka-service,743b1a9e4af6e9e6,743b1a9e4af6e9e6,true] 1912 --- [o-auto-1-exec-9] n.p.microservices.loka.core.api.Api      : Subscribe loka device id: 10203434
2018-04-03 12:41:23.718 ERROR [core-loka-service,743b1a9e4af6e9e6,743b1a9e4af6e9e6,true] 1912 --- [o-auto-1-exec-9] n.p.microservices.loka.core.api.Api      : org.springframework.web.client.HttpClientErrorException: 403 null
]]></system-out>
  </testcase>
  <testcase name="testNotValidUnsubscription" classname="net.pacificsoft.microservices.loka.core.LokaCoreTest" time="0.904">
    <error message="net.pacificsoft.microservices.loka.core.modelProto.LokaCoreProto$ControlMessage.getStatus()J" type="java.lang.NoSuchMethodError">java.lang.NoSuchMethodError: net.pacificsoft.microservices.loka.core.modelProto.LokaCoreProto$ControlMessage.getStatus()J
	at net.pacificsoft.microservices.loka.core.LokaCoreTest.testNotValidUnsubscription(LokaCoreTest.java:111)
</error>
    <system-out><![CDATA[2018-04-03 12:41:23.748  INFO [core-loka-service,94bf385e87961b23,94bf385e87961b23,true] 1912 --- [o-auto-1-exec-8] n.p.microservices.loka.core.api.Api      : Unsubscribe loka device id: 10203434
2018-04-03 12:41:24.617  INFO [core-loka-service,94bf385e87961b23,94bf385e87961b23,true] 1912 --- [o-auto-1-exec-8] n.p.microservices.loka.core.api.Api      : Request received: <200 OK,{"message":"NOT SUBSCRIBED","status":200},{X-Content-Type-Options=[nosniff], X-XSS-Protection=[1; mode=block], Cache-Control=[no-cache, no-store, max-age=0, must-revalidate], Pragma=[no-cache], Expires=[0], Strict-Transport-Security=[max-age=31536000 ; includeSubDomains], X-Frame-Options=[DENY], Content-Type=[application/json;charset=UTF-8], Transfer-Encoding=[chunked], Date=[Tue, 03 Apr 2018 17:41:21 GMT]}>
]]></system-out>
  </testcase>
  <testcase name="testSubscribeTerminal" classname="net.pacificsoft.microservices.loka.core.LokaCoreTest" time="0.901">
    <error message="net.pacificsoft.microservices.loka.core.modelProto.LokaCoreProto$ControlMessage.getStatus()J" type="java.lang.NoSuchMethodError">java.lang.NoSuchMethodError: net.pacificsoft.microservices.loka.core.modelProto.LokaCoreProto$ControlMessage.getStatus()J
	at net.pacificsoft.microservices.loka.core.LokaCoreTest.testSubscribeTerminal(LokaCoreTest.java:71)
</error>
    <system-out><![CDATA[2018-04-03 12:41:24.652  INFO [core-loka-service,6c76e0311f7fb8a1,6c76e0311f7fb8a1,true] 1912 --- [o-auto-1-exec-7] n.p.microservices.loka.core.api.Api      : Subscribe loka device id: 5042045
2018-04-03 12:41:25.523  INFO [core-loka-service,6c76e0311f7fb8a1,6c76e0311f7fb8a1,true] 1912 --- [o-auto-1-exec-7] n.p.microservices.loka.core.api.Api      : Request received: <200 OK,{"message":"SUBSCRIBED","status":200},{X-Content-Type-Options=[nosniff], X-XSS-Protection=[1; mode=block], Cache-Control=[no-cache, no-store, max-age=0, must-revalidate], Pragma=[no-cache], Expires=[0], Strict-Transport-Security=[max-age=31536000 ; includeSubDomains], X-Frame-Options=[DENY], Content-Type=[application/json;charset=UTF-8], Transfer-Encoding=[chunked], Date=[Tue, 03 Apr 2018 17:41:23 GMT]}>
]]></system-out>
  </testcase>
  <testcase name="testNotValidLogin" classname="net.pacificsoft.microservices.loka.core.LokaCoreTest" time="0.883"/>
  <testcase name="testAllowedSubcriptions" classname="net.pacificsoft.microservices.loka.core.LokaCoreTest" time="0.08">
    <error message="Could not extract response: no suitable HttpMessageConverter found for response type [class java.lang.String] and content type [application/json;charset=UTF-8]" type="org.springframework.web.client.RestClientException">org.springframework.web.client.RestClientException: Could not extract response: no suitable HttpMessageConverter found for response type [class java.lang.String] and content type [application/json;charset=UTF-8]
	at org.springframework.web.client.HttpMessageConverterExtractor.extractData(HttpMessageConverterExtractor.java:110)
	at org.springframework.web.client.RestTemplate$ResponseEntityResponseExtractor.extractData(RestTemplate.java:924)
	at org.springframework.web.client.RestTemplate$ResponseEntityResponseExtractor.extractData(RestTemplate.java:908)
	at org.springframework.web.client.RestTemplate.doExecute(RestTemplate.java:662)
	at org.springframework.web.client.RestTemplate.execute(RestTemplate.java:620)
	at org.springframework.web.client.RestTemplate.exchange(RestTemplate.java:538)
	at org.springframework.boot.test.web.client.TestRestTemplate.exchange(TestRestTemplate.java:739)
	at net.pacificsoft.microservices.loka.core.LokaCoreTest.testAllowedSubcriptions(LokaCoreTest.java:118)
</error>
  </testcase>
</testsuite>