-------------------------------------------------------------------------------
Test set: net.pacificsoft.microservices.favorita.controllers.AlertControllerTest
-------------------------------------------------------------------------------
Tests run: 1, Failures: 1, Errors: 0, Skipped: 0, Time elapsed: 4.928 s <<< FAILURE! - in net.pacificsoft.microservices.favorita.controllers.AlertControllerTest
getAll_test(net.pacificsoft.microservices.favorita.controllers.AlertControllerTest)  Time elapsed: 0.152 s  <<< FAILURE!
java.lang.AssertionError: Status expected:<200> but was:<404>
	at net.pacificsoft.microservices.favorita.controllers.AlertControllerTest.getAll_test(AlertControllerTest.java:82)

