<?xml version="1.0" encoding="UTF-8"?>
<testsuite xmlns:xsi="http://www.w3.org/2001/XMLSchema-instance" xsi:noNamespaceSchemaLocation="https://maven.apache.org/surefire/maven-surefire-plugin/xsd/surefire-test-report.xsd" name="net.pacificsoft.microservices.favorita.controllers.AlertControllerTest" time="4.928" tests="1" errors="0" skipped="0" failures="1">
  <properties>
[...]
</properties>
  <testcase name="getAll_test" classname="net.pacificsoft.microservices.favorita.controllers.AlertControllerTest" time="0.152">
    <failure message="Status expected:&lt;200&gt; but was:&lt;404&gt;" type="java.lang.AssertionError"><![CDATA[java.lang.AssertionError: Status expected:<200> but was:<404>
	at net.pacificsoft.microservices.favorita.controllers.AlertControllerTest.getAll_test(AlertControllerTest.java:82)
]]></failure>
    <system-out><![CDATA[13:27:58.279 [main] DEBUG org.springframework.test.context.junit4.SpringJUnit4ClassRunner - SpringJUnit4ClassRunner constructor called with [class net.pacificsoft.microservices.favorita.controllers.AlertControllerTest]
13:27:58.286 [main] DEBUG org.springframework.test.context.BootstrapUtils - Instantiating CacheAwareContextLoaderDelegate from class [org.springframework.test.context.cache.DefaultCacheAwareContextLoaderDelegate]
13:27:58.298 [main] DEBUG org.springframework.test.context.BootstrapUtils - Instantiating BootstrapContext using constructor [public org.springframework.test.context.support.DefaultBootstrapContext(java.lang.Class,org.springframework.test.context.CacheAwareContextLoaderDelegate)]
13:27:58.327 [main] DEBUG org.springframework.test.context.BootstrapUtils - Instantiating TestContextBootstrapper for test class [net.pacificsoft.microservices.favorita.controllers.AlertControllerTest] from class [org.springframework.boot.test.autoconfigure.web.servlet.WebMvcTestContextBootstrapper]
13:27:58.347 [main] INFO org.springframework.boot.test.autoconfigure.web.servlet.WebMvcTestContextBootstrapper - Neither @ContextConfiguration nor @ContextHierarchy found for test class [net.pacificsoft.microservices.favorita.controllers.AlertControllerTest], using SpringBootContextLoader
13:27:58.351 [main] DEBUG org.springframework.test.context.support.AbstractContextLoader - Did not detect default resource location for test class [net.pacificsoft.microservices.favorita.controllers.AlertControllerTest]: class path resource [net/pacificsoft/microservices/favorita/controllers/AlertControllerTest-context.xml] does not exist
13:27:58.351 [main] DEBUG org.springframework.test.context.support.AbstractContextLoader - Did not detect default resource location for test class [net.pacificsoft.microservices.favorita.controllers.AlertControllerTest]: class path resource [net/pacificsoft/microservices/favorita/controllers/AlertControllerTestContext.groovy] does not exist
13:27:58.351 [main] INFO org.springframework.test.context.support.AbstractContextLoader - Could not detect default resource locations for test class [net.pacificsoft.microservices.favorita.controllers.AlertControllerTest]: no resource found for suffixes {-context.xml, Context.groovy}.
13:27:58.352 [main] INFO org.springframework.test.context.support.AnnotationConfigContextLoaderUtils - Could not detect default configuration classes for test class [net.pacificsoft.microservices.favorita.controllers.AlertControllerTest]: AlertControllerTest does not declare any static, non-private, non-final, nested classes annotated with @Configuration.
13:27:58.442 [main] DEBUG org.springframework.test.context.support.ActiveProfilesUtils - Could not find an 'annotation declaring class' for annotation type [org.springframework.test.context.ActiveProfiles] and class [net.pacificsoft.microservices.favorita.controllers.AlertControllerTest]
13:27:58.611 [main] DEBUG org.springframework.context.annotation.ClassPathScanningCandidateComponentProvider - Identified candidate component class: file [C:\Users\Josselyn Miranda\Downloads\PS\TelemetryBackEnd\favorita-service\target\classes\net\pacificsoft\microservices\favorita\Application.class]
13:27:58.631 [main] INFO org.springframework.boot.test.context.SpringBootTestContextBootstrapper - Found @SpringBootConfiguration net.pacificsoft.microservices.favorita.Application for test class net.pacificsoft.microservices.favorita.controllers.AlertControllerTest
13:27:58.633 [main] DEBUG org.springframework.boot.test.autoconfigure.web.servlet.WebMvcTestContextBootstrapper - @TestExecutionListeners is not present for class [net.pacificsoft.microservices.favorita.controllers.AlertControllerTest]: using defaults.
13:27:58.634 [main] INFO org.springframework.boot.test.autoconfigure.web.servlet.WebMvcTestContextBootstrapper - Loaded default TestExecutionListener class names from location [META-INF/spring.factories]: [org.springframework.boot.test.mock.mockito.MockitoTestExecutionListener, org.springframework.boot.test.mock.mockito.ResetMocksTestExecutionListener, org.springframework.boot.test.autoconfigure.restdocs.RestDocsTestExecutionListener, org.springframework.boot.test.autoconfigure.web.client.MockRestServiceServerResetTestExecutionListener, org.springframework.boot.test.autoconfigure.web.servlet.MockMvcPrintOnlyOnFailureTestExecutionListener, org.springframework.boot.test.autoconfigure.web.servlet.WebDriverTestExecutionListener, org.springframework.test.context.web.ServletTestExecutionListener, org.springframework.test.context.support.DirtiesContextBeforeModesTestExecutionListener, org.springframework.test.context.support.DependencyInjectionTestExecutionListener, org.springframework.test.context.support.DirtiesContextTestExecutionListener, org.springframework.test.context.transaction.TransactionalTestExecutionListener, org.springframework.test.context.jdbc.SqlScriptsTestExecutionListener]
13:27:58.660 [main] INFO org.springframework.boot.test.autoconfigure.web.servlet.WebMvcTestContextBootstrapper - Using TestExecutionListeners: [org.springframework.test.context.web.ServletTestExecutionListener@459e9125, org.springframework.test.context.support.DirtiesContextBeforeModesTestExecutionListener@128d2484, org.springframework.boot.test.mock.mockito.MockitoTestExecutionListener@7cc0cdad, org.springframework.boot.test.autoconfigure.SpringBootDependencyInjectionTestExecutionListener@7c7b252e, org.springframework.test.context.support.DirtiesContextTestExecutionListener@4d5d943d, org.springframework.test.context.transaction.TransactionalTestExecutionListener@368f2016, org.springframework.test.context.jdbc.SqlScriptsTestExecutionListener@4c583ecf, org.springframework.boot.test.mock.mockito.ResetMocksTestExecutionListener@692f203f, org.springframework.boot.test.autoconfigure.restdocs.RestDocsTestExecutionListener@48f2bd5b, org.springframework.boot.test.autoconfigure.web.client.MockRestServiceServerResetTestExecutionListener@7b2bbc3, org.springframework.boot.test.autoconfigure.web.servlet.MockMvcPrintOnlyOnFailureTestExecutionListener@a1153bc, org.springframework.boot.test.autoconfigure.web.servlet.WebDriverTestExecutionListener@1aafa419]
13:27:58.668 [main] DEBUG org.springframework.test.annotation.ProfileValueUtils - Retrieved @ProfileValueSourceConfiguration [null] for test class [net.pacificsoft.microservices.favorita.controllers.AlertControllerTest]
13:27:58.668 [main] DEBUG org.springframework.test.annotation.ProfileValueUtils - Retrieved ProfileValueSource type [class org.springframework.test.annotation.SystemProfileValueSource] for class [net.pacificsoft.microservices.favorita.controllers.AlertControllerTest]
13:27:58.669 [main] DEBUG org.springframework.test.annotation.ProfileValueUtils - Retrieved @ProfileValueSourceConfiguration [null] for test class [net.pacificsoft.microservices.favorita.controllers.AlertControllerTest]
13:27:58.669 [main] DEBUG org.springframework.test.annotation.ProfileValueUtils - Retrieved ProfileValueSource type [class org.springframework.test.annotation.SystemProfileValueSource] for class [net.pacificsoft.microservices.favorita.controllers.AlertControllerTest]
13:27:58.670 [main] DEBUG org.springframework.test.annotation.ProfileValueUtils - Retrieved @ProfileValueSourceConfiguration [null] for test class [net.pacificsoft.microservices.favorita.controllers.AlertControllerTest]
13:27:58.670 [main] DEBUG org.springframework.test.annotation.ProfileValueUtils - Retrieved ProfileValueSource type [class org.springframework.test.annotation.SystemProfileValueSource] for class [net.pacificsoft.microservices.favorita.controllers.AlertControllerTest]
13:27:58.676 [main] DEBUG org.springframework.test.context.support.AbstractDirtiesContextTestExecutionListener - Before test class: context [DefaultTestContext@175c2241 testClass = AlertControllerTest, testInstance = [null], testMethod = [null], testException = [null], mergedContextConfiguration = [WebMergedContextConfiguration@5bf0d49 testClass = AlertControllerTest, locations = '{}', classes = '{class net.pacificsoft.microservices.favorita.Application}', contextInitializerClasses = '[]', activeProfiles = '{}', propertySourceLocations = '{}', propertySourceProperties = '{org.springframework.boot.test.autoconfigure.web.servlet.WebMvcTestContextBootstrapper=true}', contextCustomizers = set[[ImportsContextCustomizer@5b7a5baa key = [org.springframework.boot.autoconfigure.cache.CacheAutoConfiguration, org.springframework.boot.autoconfigure.context.MessageSourceAutoConfiguration, org.springframework.boot.autoconfigure.data.web.SpringDataWebAutoConfiguration, org.springframework.boot.autoconfigure.freemarker.FreeMarkerAutoConfiguration, org.springframework.boot.autoconfigure.groovy.template.GroovyTemplateAutoConfiguration, org.springframework.boot.autoconfigure.gson.GsonAutoConfiguration, org.springframework.boot.autoconfigure.hateoas.HypermediaAutoConfiguration, org.springframework.boot.autoconfigure.http.HttpMessageConvertersAutoConfiguration, org.springframework.boot.autoconfigure.jackson.JacksonAutoConfiguration, org.springframework.boot.autoconfigure.jsonb.JsonbAutoConfiguration, org.springframework.boot.autoconfigure.mustache.MustacheAutoConfiguration, org.springframework.boot.autoconfigure.task.TaskExecutionAutoConfiguration, org.springframework.boot.autoconfigure.thymeleaf.ThymeleafAutoConfiguration, org.springframework.boot.autoconfigure.validation.ValidationAutoConfiguration, org.springframework.boot.autoconfigure.web.servlet.error.ErrorMvcAutoConfiguration, org.springframework.boot.autoconfigure.web.servlet.WebMvcAutoConfiguration, org.springframework.boot.test.autoconfigure.web.servlet.MockMvcAutoConfiguration, org.springframework.boot.test.autoconfigure.web.servlet.MockMvcSecurityAutoConfiguration, org.springframework.boot.test.autoconfigure.web.servlet.MockMvcWebClientAutoConfiguration, org.springframework.boot.test.autoconfigure.web.servlet.MockMvcWebDriverAutoConfiguration]], org.springframework.boot.test.context.filter.ExcludeFilterContextCustomizer@6b0c2d26, org.springframework.boot.test.json.DuplicateJsonObjectContextCustomizerFactory$DuplicateJsonObjectContextCustomizer@6e38921c, org.springframework.boot.test.mock.mockito.MockitoContextCustomizer@c9aecb58, org.springframework.boot.test.autoconfigure.OverrideAutoConfigurationContextCustomizerFactory$DisableAutoConfigurationContextCustomizer@64d2d351, org.springframework.boot.test.autoconfigure.filter.TypeExcludeFiltersContextCustomizer@78984b0b, org.springframework.boot.test.autoconfigure.properties.PropertyMappingContextCustomizer@bc0f82ca, org.springframework.boot.test.autoconfigure.web.servlet.WebDriverContextCustomizerFactory$Customizer@25a65b77], resourceBasePath = '', contextLoader = 'org.springframework.boot.test.context.SpringBootContextLoader', parent = [null]], attributes = map[[empty]]], class annotated with @DirtiesContext [false] with mode [null].
13:27:58.678 [main] DEBUG org.springframework.test.annotation.ProfileValueUtils - Retrieved @ProfileValueSourceConfiguration [null] for test class [net.pacificsoft.microservices.favorita.controllers.AlertControllerTest]
13:27:58.678 [main] DEBUG org.springframework.test.annotation.ProfileValueUtils - Retrieved ProfileValueSource type [class org.springframework.test.annotation.SystemProfileValueSource] for class [net.pacificsoft.microservices.favorita.controllers.AlertControllerTest]
13:27:58.857 [main] DEBUG org.springframework.test.context.support.TestPropertySourceUtils - Adding inlined properties to environment: {spring.jmx.enabled=false, org.springframework.boot.test.autoconfigure.web.servlet.WebMvcTestContextBootstrapper=true, server.port=-1}

  .   ____          _            __ _ _
 /\\ / ___'_ __ _ _(_)_ __  __ _ \ \ \ \
( ( )\___ | '_ | '_| | '_ \/ _` | \ \ \ \
 \\/  ___)| |_)| | | | | || (_| |  ) ) ) )
  '  |____| .__|_| |_|_| |_\__, | / / / /
 =========|_|==============|___/=/_/_/_/
 :: Spring Boot ::        (v2.1.3.RELEASE)

2019-03-14 13:27:59.370  WARN 58244 --- [           main] ory$DuplicateJsonObjectContextCustomizer : 

Found multiple occurrences of org.json.JSONObject on the class path:

	jar:file:/C:/Users/Josselyn%20Miranda/.m2/repository/com/vaadin/external/google/android-json/0.0.20131108.vaadin1/android-json-0.0.20131108.vaadin1.jar!/org/json/JSONObject.class
	jar:file:/C:/Users/Josselyn%20Miranda/.m2/repository/org/json/json/20180130/json-20180130.jar!/org/json/JSONObject.class

You may wish to exclude one of them to ensure predictable runtime behavior

2019-03-14 13:27:59.407  INFO 58244 --- [           main] n.p.m.f.controllers.AlertControllerTest  : Starting AlertControllerTest on Jocelyn with PID 58244 (started by Josselyn Miranda in C:\Users\Josselyn Miranda\Downloads\PS\TelemetryBackEnd\favorita-service)
2019-03-14 13:27:59.412  INFO 58244 --- [           main] n.p.m.f.controllers.AlertControllerTest  : No active profile set, falling back to default profiles: default
2019-03-14 13:28:02.419  INFO 58244 --- [           main] o.s.s.concurrent.ThreadPoolTaskExecutor  : Initializing ExecutorService 'applicationTaskExecutor'
2019-03-14 13:28:02.695  INFO 58244 --- [           main] o.s.b.t.m.w.SpringBootMockServletContext : Initializing Spring TestDispatcherServlet ''
2019-03-14 13:28:02.695  INFO 58244 --- [           main] o.s.t.web.servlet.TestDispatcherServlet  : Initializing Servlet ''
2019-03-14 13:28:02.712  INFO 58244 --- [           main] o.s.t.web.servlet.TestDispatcherServlet  : Completed initialization in 17 ms
2019-03-14 13:28:02.760  INFO 58244 --- [           main] n.p.m.f.controllers.AlertControllerTest  : Started AlertControllerTest in 3.89 seconds (JVM running for 5.204)

MockHttpServletRequest:
      HTTP Method = GET
      Request URI = /alerta
       Parameters = {}
          Headers = [Content-Type:"application/json;charset=UTF-8"]
             Body = null
    Session Attrs = {}

Handler:
             Type = net.pacificsoft.microservices.favorita.controllers.AlertaController
           Method = public org.springframework.http.ResponseEntity net.pacificsoft.microservices.favorita.controllers.AlertaController.getAllAlerta()

Async:
    Async started = false
     Async result = null

Resolved Exception:
             Type = null

ModelAndView:
        View name = null
             View = null
            Model = null

FlashMap:
       Attributes = null

MockHttpServletResponse:
           Status = 404
    Error message = null
          Headers = [Content-Type:"text/plain;charset=UTF-8", Content-Length:"24"]
     Content type = text/plain;charset=UTF-8
             Body = Resources not available.
    Forwarded URL = null
   Redirected URL = null
          Cookies = []

MockHttpServletRequest:
      HTTP Method = GET
      Request URI = /alerta
       Parameters = {}
          Headers = [Content-Type:"application/json;charset=UTF-8"]
             Body = null
    Session Attrs = {}

Handler:
             Type = net.pacificsoft.microservices.favorita.controllers.AlertaController
           Method = public org.springframework.http.ResponseEntity net.pacificsoft.microservices.favorita.controllers.AlertaController.getAllAlerta()

Async:
    Async started = false
     Async result = null

Resolved Exception:
             Type = null

ModelAndView:
        View name = null
             View = null
            Model = null

FlashMap:
       Attributes = null

MockHttpServletResponse:
           Status = 404
    Error message = null
          Headers = [Content-Type:"text/plain;charset=UTF-8", Content-Length:"24"]
     Content type = text/plain;charset=UTF-8
             Body = Resources not available.
    Forwarded URL = null
   Redirected URL = null
          Cookies = []
]]></system-out>
  </testcase>
</testsuite>